Arguments: 
  /usr/bin/node /usr/bin/yarn dev

PATH: 
  ~/.local/bin:~/.cargo/bin:/usr/local/bin:/usr/bin:/bin:/usr/local/sbin:/opt/android-sdk/tools:/opt/android-sdk/tools/bin:/usr/lib/jvm/default/bin:/usr/bin/site_perl:/usr/bin/vendor_perl:/usr/bin/core_perl:/home/main/Android/Sdk/emulator:/home/main/Android/Sdk/tools:/home/main/Android/Sdk/tools/bin:/home/main/Android/Sdk/platform-tools

Yarn version: 
  1.22.10

Node version: 
  15.12.0

Platform: 
  linux x64

Trace: 
  SyntaxError: /run/media/main/Data/Programming/self/Projects/Python/AutomatedMemePage2021/package.json: Unexpected token } in JSON at position 396
      at JSON.parse (<anonymous>)
      at /usr/lib/node_modules/yarn/lib/cli.js:1625:59
      at Generator.next (<anonymous>)
      at step (/usr/lib/node_modules/yarn/lib/cli.js:310:30)
      at /usr/lib/node_modules/yarn/lib/cli.js:321:13

npm manifest: 
  {
      "name": "automated-meme-page",
      "version": "1.0.0",
      "main": "./src/index.js",
      "license": "MIT",
      "scripts": {
          "dev": "nodemon dist/index.js",
          "watch": "tsc -w"
      },
      "devDependencies": {
          "@types/luxon": "^1.26.2",
          "nodemon": "^2.0.7",
          "ts-node": "^9.1.1",
          "typescript": "^4.2.3",
          "@types/image-size": "^0.8.0",
      },
      "dependencies": {
          "axios": "^0.21.1",
          "dotenv": "^8.2.0",
          "image-size": "^0.7.5",
          "instagram-private-api": "^1.44.0"
      }
  }

yarn manifest: 
  No manifest

Lockfile: 
  No lockfile
